<?xml version="1.0" encoding="UTF-8"?>
<!-- Generated by org.testng.reporters.JUnitReportReporter -->
<testsuite hostname="eprescribe2s-MacBook-Pro.local" name="com.grab.androidautomation.TestScenarios" tests="4" failures="0" timestamp="7 Jun 2016 17:58:50 GMT" time="47.230" errors="0">
  <testcase name="VerifyHistoryPage" time="7.425" classname="com.grab.androidautomation.TestScenarios"/>
  <testcase name="VerifyDriveWithGrabBrowser" time="4.578" classname="com.grab.androidautomation.TestScenarios"/>
  <testcase name="EditProfileNameAndSave" time="33.086" classname="com.grab.androidautomation.TestScenarios"/>
  <testcase name="VerifySideMenuOptions" time="2.141" classname="com.grab.androidautomation.TestScenarios"/>
</testsuite> <!-- com.grab.androidautomation.TestScenarios -->
