<?xml version="1.0" encoding="UTF-8"?>
<!-- Generated by org.testng.reporters.JUnitReportReporter -->
<testsuite hostname="eprescribe2s-MacBook-Pro.local" name="com.grab.androidautomation.Scenario1" tests="1" failures="0" timestamp="7 Jun 2016 14:25:49 GMT" time="25.594" errors="0">
  <testcase name="EditProfileNameAndSave" time="25.594" classname="com.grab.androidautomation.Scenario1"/>
</testsuite> <!-- com.grab.androidautomation.Scenario1 -->
